<html>
<head>
<title>TestNG:  Test</title>
<link href="../testng.css" rel="stylesheet" type="text/css" />
<link href="../my-testng.css" rel="stylesheet" type="text/css" />

<style type="text/css">
.log { display: none;} 
.stack-trace { display: none;} 
</style>
<script type="text/javascript">
<!--
function flip(e) {
  current = e.style.display;
  if (current == 'block') {
    e.style.display = 'none';
    return 0;
  }
  else {
    e.style.display = 'block';
    return 1;
  }
}

function toggleBox(szDivId, elem, msg1, msg2)
{
  var res = -1;  if (document.getElementById) {
    res = flip(document.getElementById(szDivId));
  }
  else if (document.all) {
    // this is the way old msie versions work
    res = flip(document.all[szDivId]);
  }
  if(elem) {
    if(res == 0) elem.innerHTML = msg1; else elem.innerHTML = msg2;
  }

}

function toggleAllBoxes() {
  if (document.getElementsByTagName) {
    d = document.getElementsByTagName('div');
    for (i = 0; i < d.length; i++) {
      if (d[i].className == 'log') {
        flip(d[i]);
      }
    }
  }
}

// -->
</script>

</head>
<body>
<h2 align='center'>Test</h2><table border='1' align="center">
<tr>
<td>Tests passed/Failed/Skipped:</td><td>0/1/0</td>
</tr><tr>
<td>Started on:</td><td>Sat Dec 24 10:00:10 IST 2022</td>
</tr>
<tr><td>Total time:</td><td>3 seconds (3031 ms)</td>
</tr><tr>
<td>Included groups:</td><td></td>
</tr><tr>
<td>Excluded groups:</td><td></td>
</tr>
</table><p/>
<small><i>(Hover the method name to see the test class name)</i></small><p/>
<table width='100%' border='1' class='invocation-failed'>
<tr><td colspan='4' align='center'><b>FAILED TESTS</b></td></tr>
<tr><td><b>Test method</b></td>
<td width="30%"><b>Exception</b></td>
<td width="10%"><b>Time (seconds)</b></td>
<td><b>Instance</b></td>
</tr>
<tr>
<td title='seleniumgrid.Launch_Browser.lanchbrowser()'><b>lanchbrowser</b><br>Test class: seleniumgrid.Launch_Browser</td>
<td><div><pre>org.openqa.selenium.SessionNotCreatedException: Could not start a new session. Response code 500. Message: session not created: No matching capabilities found
Build info: version: &apos;3.141.59&apos;, revision: &apos;e82be7d358&apos;, time: &apos;2018-11-14T08:25:53&apos;
System info: host: &apos;KESHAVARAJ&apos;, ip: &apos;192.168.43.222&apos;, os.name: &apos;Windows 11&apos;, os.arch: &apos;amd64&apos;, os.version: &apos;10.0&apos;, java.version: &apos;17.0.4.1&apos;
Driver info: driver.version: unknown
remote stacktrace: Backtrace:
	Microsoft::Applications::Events::EventProperties::SetProperty [0x00007FF687B9F152+15282]
	Microsoft::Applications::Events::EventProperty::EventProperty [0x00007FF687B3C852+1461714]
	Ordinal0 [0x00007FF68775C8A5+641189]
	Ordinal0 [0x00007FF6877BE3BC+1041340]
	Ordinal0 [0x00007FF6877BD7F1+1038321]
	Ordinal0 [0x00007FF6877BFA22+1047074]
	Ordinal0 [0x00007FF6877BF388+1045384]
	Ordinal0 [0x00007FF6877B86F3+1017587]
	Ordinal0 [0x00007FF68778D104+839940]
	Ordinal0 [0x00007FF68778E76F+845679]
	Microsoft::Applications::Events::EventProperty::EventProperty [0x00007FF6879F8A28+135080]
	Microsoft::Applications::Events::EventProperty::EventProperty [0x00007FF6879E2888+44552]
	Microsoft::Applications::Events::EventProperty::EventProperty [0x00007FF6879E57CC+56652]
	Ordinal0 [0x00007FF68784A764+1615716]
	Microsoft::Applications::Events::EventProperty::EventProperty [0x00007FF687B41DB9+1483577]
	Microsoft::Applications::Events::EventProperty::EventProperty [0x00007FF687B45C74+1499636]
	Microsoft::Applications::Events::EventProperty::EventProperty [0x00007FF687B45DCD+1499981]
	Microsoft::Applications::Events::EventProperty::EventProperty [0x00007FF687B4D696+1530902]
	BaseThreadInitThunk [0x00007FF8E31426BD+29]
	RtlUserThreadStart [0x00007FF8E420DFB8+40]

Build info: version: &apos;4.4.0&apos;, revision: &apos;e5c75ed026a&apos;
System info: host: &apos;KESHAVARAJ&apos;, ip: &apos;192.168.43.222&apos;, os.name: &apos;Windows 10&apos;, os.arch: &apos;amd64&apos;, os.version: &apos;10.0&apos;, java.version: &apos;16.0.1&apos;
Driver info: org.openqa.selenium.remote.RemoteWebDriver
Command: [null, newSession {capabilities=[Capabilities {browserName: chrome, platformName: WINDOWS}], desiredCapabilities=Capabilities {browserName: chrome, platformName: WINDOWS}}]
Capabilities {}
	at org.openqa.selenium.remote.ProtocolHandshake.createSession(ProtocolHandshake.java:144)
	at org.openqa.selenium.remote.ProtocolHandshake.createSession(ProtocolHandshake.java:102)
	at org.openqa.selenium.remote.ProtocolHandshake.createSession(ProtocolHandshake.java:67)
	at org.openqa.selenium.remote.HttpCommandExecutor.execute(HttpCommandExecutor.java:156)
	at org.openqa.selenium.remote.TracedCommandExecutor.execute(TracedCommandExecutor.java:51)
	at org.openqa.selenium.remote.RemoteWebDriver.execute(RemoteWebDriver.java:547)
	at org.openqa.selenium.remote.RemoteWebDriver.startSession(RemoteWebDriver.java:242)
	at org.openqa.selenium.remote.RemoteWebDriver.&lt;init&gt;(RemoteWebDriver.java:157)
	at org.openqa.selenium.remote.RemoteWebDriver.&lt;init&gt;(RemoteWebDriver.java:139)
	at seleniumgrid.Launch_Browser.lanchbrowser(Launch_Browser.java:23)
	at java.base/java.util.ArrayList.forEach(ArrayList.java:1511)
	at java.base/java.util.concurrent.FutureTask.run(FutureTask.java:264)
	at java.base/java.util.concurrent.ThreadPoolExecutor.runWorker(ThreadPoolExecutor.java:1130)
	at java.base/java.util.concurrent.ThreadPoolExecutor$Worker.run(ThreadPoolExecutor.java:630)
	at java.base/java.lang.Thread.run(Thread.java:831)
... Removed 18 stack frames</pre></div><a href='#' onClick='toggleBox("stack-trace261961236", this, "Click to show all stack frames", "Click to hide stack frames")'>Click to show all stack frames</a>
<div class='stack-trace' id='stack-trace261961236'><pre>org.openqa.selenium.SessionNotCreatedException: Could not start a new session. Response code 500. Message: session not created: No matching capabilities found
Build info: version: &apos;3.141.59&apos;, revision: &apos;e82be7d358&apos;, time: &apos;2018-11-14T08:25:53&apos;
System info: host: &apos;KESHAVARAJ&apos;, ip: &apos;192.168.43.222&apos;, os.name: &apos;Windows 11&apos;, os.arch: &apos;amd64&apos;, os.version: &apos;10.0&apos;, java.version: &apos;17.0.4.1&apos;
Driver info: driver.version: unknown
remote stacktrace: Backtrace:
	Microsoft::Applications::Events::EventProperties::SetProperty [0x00007FF687B9F152+15282]
	Microsoft::Applications::Events::EventProperty::EventProperty [0x00007FF687B3C852+1461714]
	Ordinal0 [0x00007FF68775C8A5+641189]
	Ordinal0 [0x00007FF6877BE3BC+1041340]
	Ordinal0 [0x00007FF6877BD7F1+1038321]
	Ordinal0 [0x00007FF6877BFA22+1047074]
	Ordinal0 [0x00007FF6877BF388+1045384]
	Ordinal0 [0x00007FF6877B86F3+1017587]
	Ordinal0 [0x00007FF68778D104+839940]
	Ordinal0 [0x00007FF68778E76F+845679]
	Microsoft::Applications::Events::EventProperty::EventProperty [0x00007FF6879F8A28+135080]
	Microsoft::Applications::Events::EventProperty::EventProperty [0x00007FF6879E2888+44552]
	Microsoft::Applications::Events::EventProperty::EventProperty [0x00007FF6879E57CC+56652]
	Ordinal0 [0x00007FF68784A764+1615716]
	Microsoft::Applications::Events::EventProperty::EventProperty [0x00007FF687B41DB9+1483577]
	Microsoft::Applications::Events::EventProperty::EventProperty [0x00007FF687B45C74+1499636]
	Microsoft::Applications::Events::EventProperty::EventProperty [0x00007FF687B45DCD+1499981]
	Microsoft::Applications::Events::EventProperty::EventProperty [0x00007FF687B4D696+1530902]
	BaseThreadInitThunk [0x00007FF8E31426BD+29]
	RtlUserThreadStart [0x00007FF8E420DFB8+40]

Build info: version: &apos;4.4.0&apos;, revision: &apos;e5c75ed026a&apos;
System info: host: &apos;KESHAVARAJ&apos;, ip: &apos;192.168.43.222&apos;, os.name: &apos;Windows 10&apos;, os.arch: &apos;amd64&apos;, os.version: &apos;10.0&apos;, java.version: &apos;16.0.1&apos;
Driver info: org.openqa.selenium.remote.RemoteWebDriver
Command: [null, newSession {capabilities=[Capabilities {browserName: chrome, platformName: WINDOWS}], desiredCapabilities=Capabilities {browserName: chrome, platformName: WINDOWS}}]
Capabilities {}
	at org.openqa.selenium.remote.ProtocolHandshake.createSession(ProtocolHandshake.java:144)
	at org.openqa.selenium.remote.ProtocolHandshake.createSession(ProtocolHandshake.java:102)
	at org.openqa.selenium.remote.ProtocolHandshake.createSession(ProtocolHandshake.java:67)
	at org.openqa.selenium.remote.HttpCommandExecutor.execute(HttpCommandExecutor.java:156)
	at org.openqa.selenium.remote.TracedCommandExecutor.execute(TracedCommandExecutor.java:51)
	at org.openqa.selenium.remote.RemoteWebDriver.execute(RemoteWebDriver.java:547)
	at org.openqa.selenium.remote.RemoteWebDriver.startSession(RemoteWebDriver.java:242)
	at org.openqa.selenium.remote.RemoteWebDriver.&lt;init&gt;(RemoteWebDriver.java:157)
	at org.openqa.selenium.remote.RemoteWebDriver.&lt;init&gt;(RemoteWebDriver.java:139)
	at seleniumgrid.Launch_Browser.lanchbrowser(Launch_Browser.java:23)
	at java.base/jdk.internal.reflect.NativeMethodAccessorImpl.invoke0(Native Method)
	at java.base/jdk.internal.reflect.NativeMethodAccessorImpl.invoke(NativeMethodAccessorImpl.java:78)
	at java.base/jdk.internal.reflect.DelegatingMethodAccessorImpl.invoke(DelegatingMethodAccessorImpl.java:43)
	at java.base/java.lang.reflect.Method.invoke(Method.java:567)
	at org.testng.internal.MethodInvocationHelper.invokeMethod(MethodInvocationHelper.java:133)
	at org.testng.internal.TestInvoker.invokeMethod(TestInvoker.java:598)
	at org.testng.internal.TestInvoker.invokeTestMethod(TestInvoker.java:173)
	at org.testng.internal.MethodRunner.runInSequence(MethodRunner.java:46)
	at org.testng.internal.TestInvoker$MethodInvocationAgent.invoke(TestInvoker.java:824)
	at org.testng.internal.TestInvoker.invokeTestMethods(TestInvoker.java:146)
	at org.testng.internal.TestMethodWorker.invokeTestMethods(TestMethodWorker.java:146)
	at org.testng.internal.TestMethodWorker.run(TestMethodWorker.java:128)
	at java.base/java.util.ArrayList.forEach(ArrayList.java:1511)
	at org.testng.TestRunner.privateRun(TestRunner.java:794)
	at org.testng.TestRunner.run(TestRunner.java:596)
	at org.testng.SuiteRunner.runTest(SuiteRunner.java:377)
	at org.testng.SuiteRunner.access$000(SuiteRunner.java:28)
	at org.testng.SuiteRunner$SuiteWorker.run(SuiteRunner.java:418)
	at org.testng.internal.thread.ThreadUtil.lambda$execute$0(ThreadUtil.java:64)
	at java.base/java.util.concurrent.FutureTask.run(FutureTask.java:264)
	at java.base/java.util.concurrent.ThreadPoolExecutor.runWorker(ThreadPoolExecutor.java:1130)
	at java.base/java.util.concurrent.ThreadPoolExecutor$Worker.run(ThreadPoolExecutor.java:630)
	at java.base/java.lang.Thread.run(Thread.java:831)
</pre></div></td>
<td>2</td>
<td>seleniumgrid.Launch_Browser@6404f418</td></tr>
</table><p>
</body>
</html>