<?xml version="1.0" encoding="UTF-8"?>
<!-- Generated by org.testng.reporters.JUnitReportReporter -->
<testsuite hostname="Keshavaraj" failures="0" tests="1" name="seleniumgrid.Launch_Browser1" time="2.986" errors="1" timestamp="2022-12-24T10:00:13 IST" skipped="0">
  <testcase classname="seleniumgrid.Launch_Browser1" name="lanchbrowser" time="2.986">
    <error message="Could not start a new session. Response code 500. Message: session not created: No matching capabilities found
Build info: version: &#039;3.141.59&#039;, revision: &#039;e82be7d358&#039;, time: &#039;2018-11-14T08:25:53&#039;
System info: host: &#039;KESHAVARAJ&#039;, ip: &#039;192.168.43.222&#039;, os.name: &#039;Windows 11&#039;, os.arch: &#039;amd64&#039;, os.version: &#039;10.0&#039;, java.version: &#039;17.0.4.1&#039;
Driver info: driver.version: unknown
remote stacktrace: Backtrace:
	Microsoft::Applications::Events::EventProperties::SetProperty [0x00007FF687B9F152+15282]
	Microsoft::Applications::Events::EventProperty::EventProperty [0x00007FF687B3C852+1461714]
	Ordinal0 [0x00007FF68775C8A5+641189]
	Ordinal0 [0x00007FF6877BE3BC+1041340]
	Ordinal0 [0x00007FF6877BD7F1+1038321]
	Ordinal0 [0x00007FF6877BFA22+1047074]
	Ordinal0 [0x00007FF6877BF388+1045384]
	Ordinal0 [0x00007FF6877B86F3+1017587]
	Ordinal0 [0x00007FF68778D104+839940]
	Ordinal0 [0x00007FF68778E76F+845679]
	Microsoft::Applications::Events::EventProperty::EventProperty [0x00007FF6879F8A28+135080]
	Microsoft::Applications::Events::EventProperty::EventProperty [0x00007FF6879E2888+44552]
	Microsoft::Applications::Events::EventProperty::EventProperty [0x00007FF6879E57CC+56652]
	Ordinal0 [0x00007FF68784A764+1615716]
	Microsoft::Applications::Events::EventProperty::EventProperty [0x00007FF687B41DB9+1483577]
	Microsoft::Applications::Events::EventProperty::EventProperty [0x00007FF687B45C74+1499636]
	Microsoft::Applications::Events::EventProperty::EventProperty [0x00007FF687B45DCD+1499981]
	Microsoft::Applications::Events::EventProperty::EventProperty [0x00007FF687B4D696+1530902]
	BaseThreadInitThunk [0x00007FF8E31426BD+29]
	RtlUserThreadStart [0x00007FF8E420DFB8+40]

Build info: version: &#039;4.4.0&#039;, revision: &#039;e5c75ed026a&#039;
System info: host: &#039;KESHAVARAJ&#039;, ip: &#039;192.168.43.222&#039;, os.name: &#039;Windows 10&#039;, os.arch: &#039;amd64&#039;, os.version: &#039;10.0&#039;, java.version: &#039;16.0.1&#039;
Driver info: org.openqa.selenium.remote.RemoteWebDriver
Command: [null, newSession {capabilities=[Capabilities {browserName: chrome, platformName: WINDOWS}], desiredCapabilities=Capabilities {browserName: chrome, platformName: WINDOWS}}]
Capabilities {}" type="org.openqa.selenium.SessionNotCreatedException">
      <![CDATA[org.openqa.selenium.SessionNotCreatedException: Could not start a new session. Response code 500. Message: session not created: No matching capabilities found
Build info: version: '3.141.59', revision: 'e82be7d358', time: '2018-11-14T08:25:53'
System info: host: 'KESHAVARAJ', ip: '192.168.43.222', os.name: 'Windows 11', os.arch: 'amd64', os.version: '10.0', java.version: '17.0.4.1'
Driver info: driver.version: unknown
remote stacktrace: Backtrace:
Microsoft::Applications::Events::EventProperties::SetProperty [0x00007FF687B9F152+15282]
Microsoft::Applications::Events::EventProperty::EventProperty [0x00007FF687B3C852+1461714]
Ordinal0 [0x00007FF68775C8A5+641189]
Ordinal0 [0x00007FF6877BE3BC+1041340]
Ordinal0 [0x00007FF6877BD7F1+1038321]
Ordinal0 [0x00007FF6877BFA22+1047074]
Ordinal0 [0x00007FF6877BF388+1045384]
Ordinal0 [0x00007FF6877B86F3+1017587]
Ordinal0 [0x00007FF68778D104+839940]
Ordinal0 [0x00007FF68778E76F+845679]
Microsoft::Applications::Events::EventProperty::EventProperty [0x00007FF6879F8A28+135080]
Microsoft::Applications::Events::EventProperty::EventProperty [0x00007FF6879E2888+44552]
Microsoft::Applications::Events::EventProperty::EventProperty [0x00007FF6879E57CC+56652]
Ordinal0 [0x00007FF68784A764+1615716]
Microsoft::Applications::Events::EventProperty::EventProperty [0x00007FF687B41DB9+1483577]
Microsoft::Applications::Events::EventProperty::EventProperty [0x00007FF687B45C74+1499636]
Microsoft::Applications::Events::EventProperty::EventProperty [0x00007FF687B45DCD+1499981]
Microsoft::Applications::Events::EventProperty::EventProperty [0x00007FF687B4D696+1530902]
BaseThreadInitThunk [0x00007FF8E31426BD+29]
RtlUserThreadStart [0x00007FF8E420DFB8+40]

Build info: version: '4.4.0', revision: 'e5c75ed026a'
System info: host: 'KESHAVARAJ', ip: '192.168.43.222', os.name: 'Windows 10', os.arch: 'amd64', os.version: '10.0', java.version: '16.0.1'
Driver info: org.openqa.selenium.remote.RemoteWebDriver
Command: [null, newSession {capabilities=[Capabilities {browserName: chrome, platformName: WINDOWS}], desiredCapabilities=Capabilities {browserName: chrome, platformName: WINDOWS}}]
Capabilities {}
at org.openqa.selenium.remote.ProtocolHandshake.createSession(ProtocolHandshake.java:144)
at org.openqa.selenium.remote.ProtocolHandshake.createSession(ProtocolHandshake.java:102)
at org.openqa.selenium.remote.ProtocolHandshake.createSession(ProtocolHandshake.java:67)
at org.openqa.selenium.remote.HttpCommandExecutor.execute(HttpCommandExecutor.java:156)
at org.openqa.selenium.remote.TracedCommandExecutor.execute(TracedCommandExecutor.java:51)
at org.openqa.selenium.remote.RemoteWebDriver.execute(RemoteWebDriver.java:547)
at org.openqa.selenium.remote.RemoteWebDriver.startSession(RemoteWebDriver.java:242)
at org.openqa.selenium.remote.RemoteWebDriver.<init>(RemoteWebDriver.java:157)
at org.openqa.selenium.remote.RemoteWebDriver.<init>(RemoteWebDriver.java:139)
at seleniumgrid.Launch_Browser1.lanchbrowser(Launch_Browser1.java:23)
at java.base/jdk.internal.reflect.NativeMethodAccessorImpl.invoke0(Native Method)
at java.base/jdk.internal.reflect.NativeMethodAccessorImpl.invoke(NativeMethodAccessorImpl.java:78)
at java.base/jdk.internal.reflect.DelegatingMethodAccessorImpl.invoke(DelegatingMethodAccessorImpl.java:43)
at java.base/java.lang.reflect.Method.invoke(Method.java:567)
at org.testng.internal.MethodInvocationHelper.invokeMethod(MethodInvocationHelper.java:133)
at org.testng.internal.TestInvoker.invokeMethod(TestInvoker.java:598)
at org.testng.internal.TestInvoker.invokeTestMethod(TestInvoker.java:173)
at org.testng.internal.MethodRunner.runInSequence(MethodRunner.java:46)
at org.testng.internal.TestInvoker$MethodInvocationAgent.invoke(TestInvoker.java:824)
at org.testng.internal.TestInvoker.invokeTestMethods(TestInvoker.java:146)
at org.testng.internal.TestMethodWorker.invokeTestMethods(TestMethodWorker.java:146)
at org.testng.internal.TestMethodWorker.run(TestMethodWorker.java:128)
at java.base/java.util.ArrayList.forEach(ArrayList.java:1511)
at org.testng.TestRunner.privateRun(TestRunner.java:794)
at org.testng.TestRunner.run(TestRunner.java:596)
at org.testng.SuiteRunner.runTest(SuiteRunner.java:377)
at org.testng.SuiteRunner.access$000(SuiteRunner.java:28)
at org.testng.SuiteRunner$SuiteWorker.run(SuiteRunner.java:418)
at org.testng.internal.thread.ThreadUtil.lambda$execute$0(ThreadUtil.java:64)
at java.base/java.util.concurrent.FutureTask.run(FutureTask.java:264)
at java.base/java.util.concurrent.ThreadPoolExecutor.runWorker(ThreadPoolExecutor.java:1130)
at java.base/java.util.concurrent.ThreadPoolExecutor$Worker.run(ThreadPoolExecutor.java:630)
at java.base/java.lang.Thread.run(Thread.java:831)
]]>
    </error>
  </testcase> <!-- lanchbrowser -->
  <system-out/>
</testsuite> <!-- seleniumgrid.Launch_Browser1 -->
