<?xml version="1.0" encoding="UTF-8"?>
<testng-results ignored="0" total="1" passed="0" failed="1" skipped="0">
  <reporter-output>
  </reporter-output>
  <suite started-at="2023-04-18T16:04:01 IST" name="Default suite" finished-at="2023-04-18T16:04:18 IST" duration-ms="16563">
    <groups>
    </groups>
    <test started-at="2023-04-18T16:04:01 IST" name="Default test" finished-at="2023-04-18T16:04:18 IST" duration-ms="16563">
      <class name="extentReportCreation.Testcaseforbase">
        <test-method is-config="true" signature="configBS()[pri:0, instance:extentReportCreation.Testcaseforbase@13e344d]" started-at="2023-04-18T16:04:01 IST" name="configBS" finished-at="2023-04-18T16:04:01 IST" duration-ms="159" status="PASS">
          <reporter-output>
          </reporter-output>
        </test-method> <!-- configBS -->
        <test-method is-config="true" signature="configBT()[pri:0, instance:extentReportCreation.Testcaseforbase@13e344d]" started-at="2023-04-18T16:04:01 IST" name="configBT" finished-at="2023-04-18T16:04:01 IST" duration-ms="1" status="PASS">
          <reporter-output>
          </reporter-output>
        </test-method> <!-- configBT -->
        <test-method is-config="true" signature="configBC()[pri:0, instance:extentReportCreation.Testcaseforbase@13e344d]" started-at="2023-04-18T16:04:01 IST" name="configBC" finished-at="2023-04-18T16:04:05 IST" duration-ms="3650" status="PASS">
          <reporter-output>
          </reporter-output>
        </test-method> <!-- configBC -->
        <test-method is-config="true" signature="setUp(org.testng.ITestResult)[pri:0, instance:extentReportCreation.Testcaseforbase@13e344d]" started-at="2023-04-18T16:04:05 IST" name="setUp" finished-at="2023-04-18T16:04:16 IST" duration-ms="11730" status="PASS">
          <params>
            <param index="0">
              <value>
                <![CDATA[[TestResult name={null} status=CREATED method=Testcaseforbase.testcasebase()[pri:0, instance:extentReportCreation.Testcaseforbase@13e344d] output={null}]]]>
              </value>
            </param>
          </params>
          <reporter-output>
          </reporter-output>
        </test-method> <!-- setUp -->
        <test-method signature="testcasebase()[pri:0, instance:extentReportCreation.Testcaseforbase@13e344d]" started-at="2023-04-18T16:04:16 IST" name="testcasebase" finished-at="2023-04-18T16:04:17 IST" duration-ms="149" status="FAIL">
          <exception class="java.lang.AssertionError">
            <message>
              <![CDATA[expected [true] but found [false]]]>
            </message>
            <full-stacktrace>
              <![CDATA[java.lang.AssertionError: expected [true] but found [false]
at org.testng.Assert.fail(Assert.java:99)
at org.testng.Assert.failNotEquals(Assert.java:1037)
at org.testng.Assert.assertTrue(Assert.java:45)
at org.testng.Assert.assertTrue(Assert.java:55)
at extentReportCreation.Testcaseforbase.testcasebase(Testcaseforbase.java:18)
at java.base/jdk.internal.reflect.NativeMethodAccessorImpl.invoke0(Native Method)
at java.base/jdk.internal.reflect.NativeMethodAccessorImpl.invoke(NativeMethodAccessorImpl.java:78)
at java.base/jdk.internal.reflect.DelegatingMethodAccessorImpl.invoke(DelegatingMethodAccessorImpl.java:43)
at java.base/java.lang.reflect.Method.invoke(Method.java:567)
at org.testng.internal.MethodInvocationHelper.invokeMethod(MethodInvocationHelper.java:133)
at org.testng.internal.TestInvoker.invokeMethod(TestInvoker.java:598)
at org.testng.internal.TestInvoker.invokeTestMethod(TestInvoker.java:173)
at org.testng.internal.MethodRunner.runInSequence(MethodRunner.java:46)
at org.testng.internal.TestInvoker$MethodInvocationAgent.invoke(TestInvoker.java:824)
at org.testng.internal.TestInvoker.invokeTestMethods(TestInvoker.java:146)
at org.testng.internal.TestMethodWorker.invokeTestMethods(TestMethodWorker.java:146)
at org.testng.internal.TestMethodWorker.run(TestMethodWorker.java:128)
at java.base/java.util.ArrayList.forEach(ArrayList.java:1511)
at org.testng.TestRunner.privateRun(TestRunner.java:794)
at org.testng.TestRunner.run(TestRunner.java:596)
at org.testng.SuiteRunner.runTest(SuiteRunner.java:377)
at org.testng.SuiteRunner.runSequentially(SuiteRunner.java:371)
at org.testng.SuiteRunner.privateRun(SuiteRunner.java:332)
at org.testng.SuiteRunner.run(SuiteRunner.java:276)
at org.testng.SuiteRunnerWorker.runSuite(SuiteRunnerWorker.java:53)
at org.testng.SuiteRunnerWorker.run(SuiteRunnerWorker.java:96)
at org.testng.TestNG.runSuitesSequentially(TestNG.java:1212)
at org.testng.TestNG.runSuitesLocally(TestNG.java:1134)
at org.testng.TestNG.runSuites(TestNG.java:1063)
at org.testng.TestNG.run(TestNG.java:1031)
at org.testng.remote.AbstractRemoteTestNG.run(AbstractRemoteTestNG.java:115)
at org.testng.remote.RemoteTestNG.initAndRun(RemoteTestNG.java:251)
at org.testng.remote.RemoteTestNG.main(RemoteTestNG.java:77)
]]>
            </full-stacktrace>
          </exception> <!-- java.lang.AssertionError -->
          <reporter-output>
          </reporter-output>
        </test-method> <!-- testcasebase -->
        <test-method is-config="true" signature="tearDown(org.testng.ITestResult)[pri:0, instance:extentReportCreation.Testcaseforbase@13e344d]" started-at="2023-04-18T16:04:17 IST" name="tearDown" finished-at="2023-04-18T16:04:17 IST" duration-ms="444" status="PASS">
          <params>
            <param index="0">
              <value>
                <![CDATA[[TestResult name=testcasebase status=FAILURE method=Testcaseforbase.testcasebase()[pri:0, instance:extentReportCreation.Testcaseforbase@13e344d] output={null}]]]>
              </value>
            </param>
          </params>
          <reporter-output>
          </reporter-output>
        </test-method> <!-- tearDown -->
        <test-method is-config="true" signature="configAC()[pri:0, instance:extentReportCreation.Testcaseforbase@13e344d]" started-at="2023-04-18T16:04:17 IST" name="configAC" finished-at="2023-04-18T16:04:18 IST" duration-ms="563" status="PASS">
          <reporter-output>
          </reporter-output>
        </test-method> <!-- configAC -->
        <test-method is-config="true" signature="configAT()[pri:0, instance:extentReportCreation.Testcaseforbase@13e344d]" started-at="2023-04-18T16:04:18 IST" name="configAT" finished-at="2023-04-18T16:04:18 IST" duration-ms="0" status="PASS">
          <reporter-output>
          </reporter-output>
        </test-method> <!-- configAT -->
        <test-method is-config="true" signature="configAS()[pri:0, instance:extentReportCreation.Testcaseforbase@13e344d]" started-at="2023-04-18T16:04:18 IST" name="configAS" finished-at="2023-04-18T16:04:18 IST" duration-ms="219" status="PASS">
          <reporter-output>
          </reporter-output>
        </test-method> <!-- configAS -->
      </class> <!-- extentReportCreation.Testcaseforbase -->
    </test> <!-- Default test -->
  </suite> <!-- Default suite -->
</testng-results>
